[2018-04-20 17:45:26] request.INFO: Matched route "admin_module_catalog_refresh". {"route_parameters":{"category":null,"keyword":null,"_controller":"PrestaShopBundle\\Controller\\Admin\\ModuleController::refreshCatalogAction","_legacy_controller":"AdminModules","_route":"admin_module_catalog_refresh"},"request_uri":"http://localhost/admin7897cbffh/index.php/module/catalog/refresh?_token=b4GmHSiN-pQ4fevORrk_50R_a-IDtigGJ7TDvMDlS_o"} []
[2018-04-20 17:45:26] security.DEBUG: Read existing security token from the session. {"key":"_security_main"} []
[2018-04-20 17:45:26] security.DEBUG: User was reloaded from a user provider. {"username":"ltedrosa@gmail.com","provider":"PrestaShopBundle\\Security\\Admin\\EmployeeProvider"} []
[2018-04-20 17:45:31] app.ERROR: Module & services categories could not be loaded from marketplace API [] []
[2018-04-20 17:45:31] security.DEBUG: Stored the security token in the session. {"key":"_security_main"} []
[2018-04-23 14:44:15] request.INFO: Matched route "admin_module_manage". {"route_parameters":{"category":null,"keyword":null,"_controller":"PrestaShopBundle\\Controller\\Admin\\ModuleController::manageAction","_legacy_controller":"AdminModules","_route":"admin_module_manage"},"request_uri":"http://localhost/admin7897cbffh/index.php/module/manage?_token=3naOR9NDIUpeajsFGz-Nw4jzES7Kpf6FWTDk16L-Rcs"} []
[2018-04-23 14:44:15] security.DEBUG: Read existing security token from the session. {"key":"_security_main"} []
[2018-04-23 14:44:15] security.DEBUG: User was reloaded from a user provider. {"username":"ltedrosa@gmail.com","provider":"PrestaShopBundle\\Security\\Admin\\EmployeeProvider"} []
[2018-04-23 14:44:21] app.ERROR: Data from PrestaShop Addons is invalid, and cannot fallback on cache.  {"exception":"cURL error 28: Operation timed out after 0 milliseconds with 0 out of 0 bytes received"} []
[2018-04-23 14:44:37] security.DEBUG: Stored the security token in the session. {"key":"_security_main"} []
[2018-04-23 16:01:09] request.INFO: Matched route "admin_module_catalog". {"route_parameters":{"_controller":"PrestaShopBundle\\Controller\\Admin\\ModuleController::catalogAction","_legacy_controller":"AdminModules","_route":"admin_module_catalog"},"request_uri":"http://localhost/admin7897cbffh/index.php/module/catalog?_token=-WLctax-ClUfwC4MCejKIbhCdQ3nKV6sqVti_fRoNOw"} []
[2018-04-23 16:01:09] security.INFO: Populated the TokenStorage with an anonymous Token. [] []
[2018-04-23 16:01:14] app.ERROR: Data from PrestaShop Addons is invalid, and cannot fallback on cache.  {"exception":"cURL error 28: Operation timed out after 0 milliseconds with 0 out of 0 bytes received"} []
[2018-04-23 16:01:16] security.DEBUG: Stored the security token in the session. {"key":"_security_main"} []
[2018-04-23 16:01:17] request.INFO: Matched route "admin_module_catalog_refresh". {"route_parameters":{"category":null,"keyword":null,"_controller":"PrestaShopBundle\\Controller\\Admin\\ModuleController::refreshCatalogAction","_legacy_controller":"AdminModules","_route":"admin_module_catalog_refresh"},"request_uri":"http://localhost/admin7897cbffh/index.php/module/catalog/refresh?_token=-WLctax-ClUfwC4MCejKIbhCdQ3nKV6sqVti_fRoNOw"} []
[2018-04-23 16:01:17] security.DEBUG: Read existing security token from the session. {"key":"_security_main"} []
[2018-04-23 16:01:17] security.DEBUG: User was reloaded from a user provider. {"username":"ltedrosa@gmail.com","provider":"PrestaShopBundle\\Security\\Admin\\EmployeeProvider"} []
[2018-04-23 16:01:22] app.ERROR: Data from PrestaShop Addons is invalid, and cannot fallback on cache.  {"exception":"cURL error 28: Operation timed out after 5000 milliseconds with 0 bytes received"} []
[2018-04-23 16:01:22] security.DEBUG: Stored the security token in the session. {"key":"_security_main"} []
[2018-04-23 19:23:08] request.INFO: Matched route "admin_module_catalog_refresh". {"route_parameters":{"category":null,"keyword":null,"_controller":"PrestaShopBundle\\Controller\\Admin\\ModuleController::refreshCatalogAction","_legacy_controller":"AdminModules","_route":"admin_module_catalog_refresh"},"request_uri":"http://localhost/admin7897cbffh/index.php/module/catalog/refresh?_token=rZaPM6M_gcr5QYQN7yEq_cpNcDJx8b10dPOSrTBYYpk"} []
[2018-04-23 19:23:08] security.DEBUG: Read existing security token from the session. {"key":"_security_main"} []
[2018-04-23 19:23:08] security.DEBUG: User was reloaded from a user provider. {"username":"ltedrosa@gmail.com","provider":"PrestaShopBundle\\Security\\Admin\\EmployeeProvider"} []
[2018-04-23 19:23:13] app.ERROR: Module & services categories could not be loaded from marketplace API [] []
[2018-04-23 19:23:14] security.DEBUG: Stored the security token in the session. {"key":"_security_main"} []
[2018-04-25 13:52:48] request.INFO: Matched route "admin_module_catalog". {"route_parameters":{"_controller":"PrestaShopBundle\\Controller\\Admin\\ModuleController::catalogAction","_legacy_controller":"AdminModules","_route":"admin_module_catalog"},"request_uri":"http://localhost/admin7897cbffh/index.php/module/catalog?_token=SDHx_BaHeZmGZzBVOWF_w2ZfLUNpZMUaTWICcS3vP_k"} []
[2018-04-25 13:52:48] security.INFO: Populated the TokenStorage with an anonymous Token. [] []
[2018-04-25 13:52:54] app.ERROR: Data from PrestaShop Addons is invalid, and cannot fallback on cache.  {"exception":"cURL error 28: Operation timed out after 0 milliseconds with 0 out of 0 bytes received"} []
[2018-04-25 13:52:55] security.DEBUG: Stored the security token in the session. {"key":"_security_main"} []
[2018-04-25 13:52:58] request.INFO: Matched route "admin_module_catalog_refresh". {"route_parameters":{"category":null,"keyword":null,"_controller":"PrestaShopBundle\\Controller\\Admin\\ModuleController::refreshCatalogAction","_legacy_controller":"AdminModules","_route":"admin_module_catalog_refresh"},"request_uri":"http://localhost/admin7897cbffh/index.php/module/catalog/refresh?_token=SDHx_BaHeZmGZzBVOWF_w2ZfLUNpZMUaTWICcS3vP_k"} []
[2018-04-25 13:52:58] security.DEBUG: Read existing security token from the session. {"key":"_security_main"} []
[2018-04-25 13:52:58] security.DEBUG: User was reloaded from a user provider. {"username":"ltedrosa@gmail.com","provider":"PrestaShopBundle\\Security\\Admin\\EmployeeProvider"} []
[2018-04-25 13:53:07] app.ERROR: Data from PrestaShop Addons is invalid, and cannot fallback on cache.  {"exception":"cURL error 28: Operation timed out after 5001 milliseconds with 86537 bytes received"} []
[2018-04-25 13:53:07] security.DEBUG: Stored the security token in the session. {"key":"_security_main"} []
[2018-04-25 14:07:06] request.INFO: Matched route "admin_module_manage". {"route_parameters":{"category":null,"keyword":null,"_controller":"PrestaShopBundle\\Controller\\Admin\\ModuleController::manageAction","_legacy_controller":"AdminModules","_route":"admin_module_manage"},"request_uri":"http://localhost/admin7897cbffh/index.php/module/manage?_token=SDHx_BaHeZmGZzBVOWF_w2ZfLUNpZMUaTWICcS3vP_k"} []
[2018-04-25 14:07:06] security.DEBUG: Read existing security token from the session. {"key":"_security_main"} []
[2018-04-25 14:07:06] security.DEBUG: User was reloaded from a user provider. {"username":"ltedrosa@gmail.com","provider":"PrestaShopBundle\\Security\\Admin\\EmployeeProvider"} []
[2018-04-25 14:07:12] app.ERROR: Data from PrestaShop Addons is invalid, and cannot fallback on cache.  {"exception":"cURL error 28: Operation timed out after 5001 milliseconds with 0 bytes received"} []
[2018-04-25 14:07:13] security.DEBUG: Stored the security token in the session. {"key":"_security_main"} []
[2018-04-25 14:51:18] request.INFO: Matched route "admin_module_catalog". {"route_parameters":{"_controller":"PrestaShopBundle\\Controller\\Admin\\ModuleController::catalogAction","_legacy_controller":"AdminModules","_route":"admin_module_catalog"},"request_uri":"http://localhost/admin7897cbffh/index.php/module/catalog?_token=SDHx_BaHeZmGZzBVOWF_w2ZfLUNpZMUaTWICcS3vP_k"} []
[2018-04-25 14:51:18] security.DEBUG: Read existing security token from the session. {"key":"_security_main"} []
[2018-04-25 14:51:18] security.DEBUG: User was reloaded from a user provider. {"username":"ltedrosa@gmail.com","provider":"PrestaShopBundle\\Security\\Admin\\EmployeeProvider"} []
[2018-04-25 14:51:25] app.ERROR: Data from PrestaShop Addons is invalid, and cannot fallback on cache.  {"exception":"cURL error 28: Operation timed out after 5000 milliseconds with 210120 bytes received"} []
[2018-04-25 14:51:32] security.DEBUG: Stored the security token in the session. {"key":"_security_main"} []
